[debug] [2023-11-12T17:36:46.388Z] ----------------------------------------------------------------------
[debug] [2023-11-12T17:36:46.392Z] Command:       C:\Program Files\nodejs\node.exe C:\Users\hp\AppData\Roaming\npm\node_modules\firebase-tools\lib\bin\firebase.js init
[debug] [2023-11-12T17:36:46.393Z] CLI Version:   12.8.1
[debug] [2023-11-12T17:36:46.394Z] Platform:      win32
[debug] [2023-11-12T17:36:46.394Z] Node Version:  v18.18.0
[debug] [2023-11-12T17:36:46.396Z] Time:          Sun Nov 12 2023 23:06:46 GMT+0530 (India Standard Time)
[debug] [2023-11-12T17:36:46.396Z] ----------------------------------------------------------------------
[debug] 
[debug] [2023-11-12T17:36:46.530Z] > command requires scopes: ["email","openid","https://www.googleapis.com/auth/cloudplatformprojects.readonly","https://www.googleapis.com/auth/firebase","https://www.googleapis.com/auth/cloud-platform"]
[debug] [2023-11-12T17:36:46.531Z] > authorizing via signed-in user (niteshkumaryadav813@gmail.com)
[info] 
     ######## #### ########  ######## ########     ###     ######  ########
     ##        ##  ##     ## ##       ##     ##  ##   ##  ##       ##
     ######    ##  ########  ######   ########  #########  ######  ######
     ##        ##  ##    ##  ##       ##     ## ##     ##       ## ##
     ##       #### ##     ## ######## ########  ##     ##  ######  ########

You're about to initialize a Firebase project in this directory:

  F:\PROJECTS\spotify-clone-app

Before we get started, keep in mind:

  * You are initializing within an existing Firebase project directory

[info] 
=== Project Setup
[info] 
[info] First, let's associate this project directory with a Firebase project.
[info] You can create multiple project aliases by running firebase use --add, 
[info] but for now we'll just set up a default project.
[info] 
[debug] [2023-11-12T17:37:58.040Z] Using project from CLI flag: spotifiy-clone-app
[debug] [2023-11-12T17:37:58.045Z] >>> [apiv2][query] GET https://firebase.googleapis.com/v1beta1/projects/spotifiy-clone-app [none]
[debug] [2023-11-12T17:37:58.656Z] <<< [apiv2][status] GET https://firebase.googleapis.com/v1beta1/projects/spotifiy-clone-app 200
[debug] [2023-11-12T17:37:58.656Z] <<< [apiv2][body] GET https://firebase.googleapis.com/v1beta1/projects/spotifiy-clone-app {"projectId":"spotifiy-clone-app","projectNumber":"735855578792","displayName":"spotifiy-clone-app","name":"projects/spotifiy-clone-app","resources":{"hostingSite":"spotifiy-clone-app"},"state":"ACTIVE","etag":"1_5baf91ba-8381-4881-b425-fbede13f2a0b"}
[info] i  Using project spotifiy-clone-app (spotifiy-clone-app) 
[info] 
=== Hosting Setup
[info] 
[info] Your public directory is the folder (relative to your project directory) that
[info] will contain Hosting assets to be uploaded with firebase deploy. If you
[info] have a build process for your assets, use your build's output directory.
[info] 
